<?xml version="1.0" encoding="UTF-8"?><testsuite errors="1" failures="0" name="uk.gov.hmcts.reform.wapostdeploymentfttests.ScenarioRunnerTest" skipped="0" tests="1" time="316.63" timestamp="2022-11-16 05:42:39"><testcase classname="uk.gov.hmcts.reform.wapostdeploymentfttests.ScenarioRunnerTest" name="Scenarios should behave as specified"><error type="java.util.concurrent.TimeoutException"/><system-err>null
org.awaitility.core.Uninterruptibles.getUninterruptibly(Uninterruptibles.java:101)
org.awaitility.core.Uninterruptibles.getUninterruptibly(Uninterruptibles.java:81)
org.awaitility.core.ConditionAwaiter.await(ConditionAwaiter.java:101)
org.awaitility.core.CallableCondition.await(CallableCondition.java:78)
org.awaitility.core.CallableCondition.await(CallableCondition.java:26)
org.awaitility.core.ConditionFactory.until(ConditionFactory.java:895)
org.awaitility.core.ConditionFactory.until(ConditionFactory.java:864)
uk.gov.hmcts.reform.wapostdeploymentfttests.services.taskretriever.TaskMgmApiRetrieverService.retrieveTask(TaskMgmApiRetrieverService.java:80)
uk.gov.hmcts.reform.wapostdeploymentfttests.ScenarioRunnerTest.verifyTasks(ScenarioRunnerTest.java:371)
uk.gov.hmcts.reform.wapostdeploymentfttests.ScenarioRunnerTest.lambda$processScenario$3(ScenarioRunnerTest.java:318)
uk.gov.hmcts.reform.wapostdeploymentfttests.ScenarioRunnerTest.processScenario(ScenarioRunnerTest.java:310)
uk.gov.hmcts.reform.wapostdeploymentfttests.ScenarioRunnerTest.processTestClauseScenario(ScenarioRunnerTest.java:217)
uk.gov.hmcts.reform.wapostdeploymentfttests.ScenarioRunnerTest.runAllScenariosFor(ScenarioRunnerTest.java:204)
uk.gov.hmcts.reform.wapostdeploymentfttests.ScenarioRunnerTest.scenarios_should_behave_as_specified(ScenarioRunnerTest.java:126)
org.springframework.test.context.junit4.statements.RunBeforeTestMethodCallbacks.evaluate(RunBeforeTestMethodCallbacks.java:75)
org.springframework.test.context.junit4.statements.RunAfterTestMethodCallbacks.evaluate(RunAfterTestMethodCallbacks.java:86)
org.springframework.test.context.junit4.statements.RunBeforeTestClassCallbacks.evaluate(RunBeforeTestClassCallbacks.java:61)
org.springframework.test.context.junit4.statements.RunAfterTestClassCallbacks.evaluate(RunAfterTestClassCallbacks.java:70)
worker.org.gradle.process.internal.worker.GradleWorkerMain.run(GradleWorkerMain.java:69)
worker.org.gradle.process.internal.worker.GradleWorkerMain.main(GradleWorkerMain.java:74)
</system-err></testcase></testsuite>