<?xml version="1.0" encoding="UTF-8"?><testsuite errors="1" failures="0" name="uk.gov.hmcts.reform.wapostdeploymentfttests.ScenarioRunnerTest" skipped="0" tests="1" time="10.32" timestamp="2022-11-07 05:20:46"><testcase classname="uk.gov.hmcts.reform.wapostdeploymentfttests.ScenarioRunnerTest" name="Scenarios should behave as specified"><error message="[422] during [POST] to [http://localhost:4452/caseworkers/742b9798-e552-3495-bb86-23431260031c/jurisdictions/EMPLOYMENT/case-types/ET_EnglandWales/cases/1667841656122057/events?ignore-warning=true] [CoreCaseDataApi#submitEventForCaseWorker(String,String,String,String,String,String,boolean,CaseDataContent)]: [{&quot;exception&quot;:&quot;uk.gov.hmcts.ccd.endpoint.exceptions.ValidationException&quot;,&quot;timestamp&quot;:&quot;2022-11-07T17:20:56.406591&quot;,&quot;status&quot;:422,&quot;error&quot;:&quot;Unprocessable Entity&quot;,&quot;message&quot;:&quot;Pre-state condition is not valid... (494 bytes)]" type="feign.FeignException$UnprocessableEntity">[422] during [POST] to [http://localhost:4452/caseworkers/742b9798-e552-3495-bb86-23431260031c/jurisdictions/EMPLOYMENT/case-types/ET_EnglandWales/cases/1667841656122057/events?ignore-warning=true] [CoreCaseDataApi#submitEventForCaseWorker(String,String,String,String,String,String,boolean,CaseDataContent)]: [{"exception":"uk.gov.hmcts.ccd.endpoint.exceptions.ValidationException","timestamp":"2022-11-07T17:20:56.406591","status":422,"error":"Unprocessable Entity","message":"Pre-state condition is not valid... (494 bytes)]</error><system-err>[422] during [POST] to [http://localhost:4452/caseworkers/742b9798-e552-3495-bb86-23431260031c/jurisdictions/EMPLOYMENT/case-types/ET_EnglandWales/cases/1667841656122057/events?ignore-warning=true] [CoreCaseDataApi#submitEventForCaseWorker(String,String,String,String,String,String,boolean,CaseDataContent)]: [{"exception":"uk.gov.hmcts.ccd.endpoint.exceptions.ValidationException","timestamp":"2022-11-07T17:20:56.406591","status":422,"error":"Unprocessable Entity","message":"Pre-state condition is not valid... (494 bytes)]
feign.FeignException.clientErrorStatus(FeignException.java:215)
feign.FeignException.errorStatus(FeignException.java:177)
feign.FeignException.errorStatus(FeignException.java:169)
feign.AsyncResponseHandler.handleResponse(AsyncResponseHandler.java:96)
feign.SynchronousMethodHandler.executeAndDecode(SynchronousMethodHandler.java:138)
feign.SynchronousMethodHandler.invoke(SynchronousMethodHandler.java:89)
uk.gov.hmcts.reform.wapostdeploymentfttests.services.CcdCaseCreator.fireStartAndSubmitEventsFor(CcdCaseCreator.java:193)
uk.gov.hmcts.reform.wapostdeploymentfttests.services.CcdCaseCreator.createCase(CcdCaseCreator.java:66)
uk.gov.hmcts.reform.wapostdeploymentfttests.ScenarioRunnerTest.lambda$createBaseCcdCase$0(ScenarioRunnerTest.java:234)
uk.gov.hmcts.reform.wapostdeploymentfttests.ScenarioRunnerTest.createBaseCcdCase(ScenarioRunnerTest.java:232)
uk.gov.hmcts.reform.wapostdeploymentfttests.ScenarioRunnerTest.runAllScenariosFor(ScenarioRunnerTest.java:181)
uk.gov.hmcts.reform.wapostdeploymentfttests.ScenarioRunnerTest.scenarios_should_behave_as_specified(ScenarioRunnerTest.java:126)
org.springframework.test.context.junit4.statements.RunBeforeTestMethodCallbacks.evaluate(RunBeforeTestMethodCallbacks.java:75)
org.springframework.test.context.junit4.statements.RunAfterTestMethodCallbacks.evaluate(RunAfterTestMethodCallbacks.java:86)
org.springframework.test.context.junit4.statements.RunBeforeTestClassCallbacks.evaluate(RunBeforeTestClassCallbacks.java:61)
org.springframework.test.context.junit4.statements.RunAfterTestClassCallbacks.evaluate(RunAfterTestClassCallbacks.java:70)
worker.org.gradle.process.internal.worker.GradleWorkerMain.run(GradleWorkerMain.java:69)
worker.org.gradle.process.internal.worker.GradleWorkerMain.main(GradleWorkerMain.java:74)
</system-err></testcase></testsuite>